生成启动时间为 2013/11/14 12:08:49。
     1>项目“C:\Users\Administrator\Desktop\final\miniSQL_v1.1\miniSQL_v1.1.vcxproj”在节点 2 上(build 个目标)。
     1>InitializeBuildStatus:
         正在创建“Debug\miniSQL_v1.1.unsuccessfulbuild”，因为已指定“AlwaysCreate”。
       ClCompile:
         C:\Program Files (x86)\Microsoft Visual Studio 10.0\VC\bin\CL.exe /c /ZI /nologo /W3 /WX- /Od /Oy- /D WIN32 /D _DEBUG /D _CONSOLE /D _UNICODE /D UNICODE /Gm /EHsc /RTC1 /MDd /GS /fp:precise /Zc:wchar_t /Zc:forScope /Fo"Debug\\" /Fd"Debug\vc100.pdb" /Gd /TP /analyze- /errorReport:prompt api.cpp buffer.cpp catalogman.cpp global.cpp index.cpp interpreter.cpp main.cpp record.cpp
         record.cpp
     1>c:\users\administrator\desktop\final\minisql_v1.1\record.cpp(10): warning C4018: “<”: 有符号/无符号不匹配
     1>c:\users\administrator\desktop\final\minisql_v1.1\record.cpp(89): warning C4018: “<”: 有符号/无符号不匹配
     1>c:\users\administrator\desktop\final\minisql_v1.1\record.cpp(196): warning C4018: “<”: 有符号/无符号不匹配
         main.cpp
     1>c:\users\administrator\desktop\final\minisql_v1.1\main.cpp(18): warning C4996: 'gets': This function or variable may be unsafe. Consider using gets_s instead. To disable deprecation, use _CRT_SECURE_NO_WARNINGS. See online help for details.
                 c:\program files (x86)\microsoft visual studio 10.0\vc\include\stdio.h(277) : 参见“gets”的声明
         interpreter.cpp
     1>c:\users\administrator\desktop\final\minisql_v1.1\catalogman.h : warning C4819: 该文件包含不能在当前代码页(936)中表示的字符。请将该文件保存为 Unicode 格式以防止数据丢失
     1>c:\users\administrator\desktop\final\minisql_v1.1\catalogman.h(45): warning C4309: “初始化”: 截断常量值
     1>c:\users\administrator\desktop\final\minisql_v1.1\catalogman.h : warning C4819: 该文件包含不能在当前代码页(936)中表示的字符。请将该文件保存为 Unicode 格式以防止数据丢失
         index.cpp
         global.cpp
         catalogman.cpp
     1>c:\users\administrator\desktop\final\minisql_v1.1\catalogman.cpp : warning C4819: 该文件包含不能在当前代码页(936)中表示的字符。请将该文件保存为 Unicode 格式以防止数据丢失
     1>c:\users\administrator\desktop\final\minisql_v1.1\catalogman.h : warning C4819: 该文件包含不能在当前代码页(936)中表示的字符。请将该文件保存为 Unicode 格式以防止数据丢失
     1>c:\users\administrator\desktop\final\minisql_v1.1\catalogman.h(45): warning C4309: “初始化”: 截断常量值
     1>c:\users\administrator\desktop\final\minisql_v1.1\catalogman.cpp(317): warning C4996: 'strcpy': This function or variable may be unsafe. Consider using strcpy_s instead. To disable deprecation, use _CRT_SECURE_NO_WARNINGS. See online help for details.
                 c:\program files (x86)\microsoft visual studio 10.0\vc\include\string.h(105) : 参见“strcpy”的声明
     1>c:\users\administrator\desktop\final\minisql_v1.1\catalogman.cpp(350): warning C4996: 'strcpy': This function or variable may be unsafe. Consider using strcpy_s instead. To disable deprecation, use _CRT_SECURE_NO_WARNINGS. See online help for details.
                 c:\program files (x86)\microsoft visual studio 10.0\vc\include\string.h(105) : 参见“strcpy”的声明
     1>c:\users\administrator\desktop\final\minisql_v1.1\catalogman.cpp(366): warning C4309: “=”: 截断常量值
     1>c:\users\administrator\desktop\final\minisql_v1.1\catalogman.cpp(530): warning C4996: 'strcpy': This function or variable may be unsafe. Consider using strcpy_s instead. To disable deprecation, use _CRT_SECURE_NO_WARNINGS. See online help for details.
                 c:\program files (x86)\microsoft visual studio 10.0\vc\include\string.h(105) : 参见“strcpy”的声明
     1>c:\users\administrator\desktop\final\minisql_v1.1\catalogman.cpp(532): warning C4244: “=”: 从“short”转换到“char”，可能丢失数据
     1>c:\users\administrator\desktop\final\minisql_v1.1\catalogman.cpp(664): warning C4018: “>”: 有符号/无符号不匹配
     1>c:\users\administrator\desktop\final\minisql_v1.1\catalogman.cpp(687): warning C4290: 忽略 C++ 异常规范，但指示函数不是 __declspec(nothrow)
         buffer.cpp
     1>c:\users\administrator\desktop\final\minisql_v1.1\buffer.cpp : warning C4819: 该文件包含不能在当前代码页(936)中表示的字符。请将该文件保存为 Unicode 格式以防止数据丢失
     1>c:\users\administrator\desktop\final\minisql_v1.1\buffer.cpp(308): warning C4244: “初始化”: 从“std::streamoff”转换到“long”，可能丢失数据
     1>c:\users\administrator\desktop\final\minisql_v1.1\buffer.cpp(324): warning C4244: “初始化”: 从“std::streamoff”转换到“const long”，可能丢失数据
         api.cpp
     1>c:\users\administrator\desktop\final\minisql_v1.1\api.cpp : warning C4819: 该文件包含不能在当前代码页(936)中表示的字符。请将该文件保存为 Unicode 格式以防止数据丢失
     1>c:\users\administrator\desktop\final\minisql_v1.1\catalogman.h : warning C4819: 该文件包含不能在当前代码页(936)中表示的字符。请将该文件保存为 Unicode 格式以防止数据丢失
     1>c:\users\administrator\desktop\final\minisql_v1.1\catalogman.h(45): warning C4309: “初始化”: 截断常量值
     1>c:\users\administrator\desktop\final\minisql_v1.1\catalogman.h : warning C4819: 该文件包含不能在当前代码页(936)中表示的字符。请将该文件保存为 Unicode 格式以防止数据丢失
     1>c:\users\administrator\desktop\final\minisql_v1.1\catalogman.h : warning C4819: 该文件包含不能在当前代码页(936)中表示的字符。请将该文件保存为 Unicode 格式以防止数据丢失
         正在生成代码...
     1>c:\users\administrator\desktop\final\minisql_v1.1\global.cpp(16): warning C4715: “Table::getAttribute”: 不是所有的控件路径都返回值
       ManifestResourceCompile:
         C:\Program Files (x86)\Microsoft SDKs\Windows\v7.0A\bin\rc.exe /nologo /fo"Debug\miniSQL_v1.1.exe.embed.manifest.res" Debug\miniSQL_v1.1_manifest.rc 
       Link:
         C:\Program Files (x86)\Microsoft Visual Studio 10.0\VC\bin\link.exe /ERRORREPORT:PROMPT /OUT:"C:\Users\Administrator\Desktop\final\Debug\miniSQL_v1.1.exe" /INCREMENTAL /NOLOGO kernel32.lib user32.lib gdi32.lib winspool.lib comdlg32.lib advapi32.lib shell32.lib ole32.lib oleaut32.lib uuid.lib odbc32.lib odbccp32.lib /MANIFEST /ManifestFile:"Debug\miniSQL_v1.1.exe.intermediate.manifest" /MANIFESTUAC:"level='asInvoker' uiAccess='false'" /DEBUG /PDB:"C:\Users\Administrator\Desktop\final\Debug\miniSQL_v1.1.pdb" /SUBSYSTEM:CONSOLE /TLBID:1 /DYNAMICBASE /NXCOMPAT /IMPLIB:"C:\Users\Administrator\Desktop\final\Debug\miniSQL_v1.1.lib" /MACHINE:X86 Debug\miniSQL_v1.1.exe.embed.manifest.res
         Debug\api.obj
         Debug\buffer.obj
         Debug\catalogman.obj
         Debug\global.obj
         Debug\index.obj
         Debug\interpreter.obj
         Debug\main.obj
         Debug\record.obj
       Manifest:
         C:\Program Files (x86)\Microsoft SDKs\Windows\v7.0A\bin\mt.exe /nologo /verbose /out:"Debug\miniSQL_v1.1.exe.embed.manifest" /manifest Debug\miniSQL_v1.1.exe.intermediate.manifest
         所有输出均为最新。
       LinkEmbedManifest:
         所有输出均为最新。
         miniSQL_v1.1.vcxproj -> C:\Users\Administrator\Desktop\final\Debug\miniSQL_v1.1.exe
       FinalizeBuildStatus:
         正在删除文件“Debug\miniSQL_v1.1.unsuccessfulbuild”。
         正在对“Debug\miniSQL_v1.1.lastbuildstate”执行 Touch 任务。
     1>已完成生成项目“C:\Users\Administrator\Desktop\final\miniSQL_v1.1\miniSQL_v1.1.vcxproj”(build 个目标)的操作。

生成成功。

已用时间 00:00:12.77
